<?xml version="1.0" encoding="UTF-8"?>
<!-- Generated by org.testng.reporters.JUnitReportReporter -->
<testsuite hostname="LAPTOP-7ONSU2Q4" failures="0" tests="1" name="com.pbweb.testcase.LoginPageTest" time="0.000" errors="0" timestamp="2023-11-27T10:56:45 EST" skipped="1">
  <testcase classname="com.pbweb.testcase.LoginPageTest" name="testLoginFunction" time="0.000">
    <skipped/>
  </testcase> <!-- testLoginFunction -->
</testsuite> <!-- com.pbweb.testcase.LoginPageTest -->
