<?xml version="1.0" encoding="UTF-8"?>
<!-- Generated by org.testng.reporters.JUnitReportReporter -->
<testsuite hostname="LAPTOP-7ONSU2Q4" failures="0" tests="2" name="com.pbweb.testcase.HomePageTest" time="11.259" errors="0" timestamp="2023-11-27T10:56:45 EST" skipped="0">
  <testcase classname="com.pbweb.testcase.HomePageTest" name="testPbWebImgIsDisplayed" time="5.284"/>
  <testcase classname="com.pbweb.testcase.HomePageTest" name="testHomePageTitle" time="5.975"/>
</testsuite> <!-- com.pbweb.testcase.HomePageTest -->
